<?xml version="1.0" encoding="UTF-8"?>
<testsuite name="testngBasic" tests="1" skipped="0" failures="0" errors="0" timestamp="2022-12-24T17:51:32" hostname="TestVagrants-MacBook-Pro.local" time="0.008">
  <properties/>
  <testcase name="test3" classname="testngBasic" time="0.008"/>
  <system-out><![CDATA[passed
]]></system-out>
  <system-err><![CDATA[]]></system-err>
</testsuite>
